<?xml version="1.0" encoding="UTF-8"?>
<!-- Generated by org.testng.reporters.JUnitReportReporter -->
<testsuite hostname="DESKTOP-LT16E02" failures="0" tests="1" name="com.GMOOnline.GMOData" time="7.270" errors="0" timestamp="2023-09-13T12:14:48 IST" skipped="0">
  <testcase classname="com.GMOOnline.GMOData" name="doLogin" time="7.270"/>
</testsuite> <!-- com.GMOOnline.GMOData -->
