<?xml version="1.0" encoding="UTF-8"?>
<!-- Generated by org.testng.reporters.JUnitReportReporter -->
<testsuite hostname="DESKTOP-LT16E02" failures="0" tests="4" name="gmoApp.ApplicationFormofGMO" time="34.999" errors="0" timestamp="2023-09-18T11:48:25 IST" skipped="0">
  <testcase classname="gmoApp.ApplicationFormofGMO" name="GmoOnlineAppOpen" time="1.763"/>
  <testcase classname="gmoApp.ApplicationFormofGMO" name="EnterGmoOnline" time="0.711"/>
  <testcase classname="gmoApp.ApplicationFormofGMO" name="PalceAnOrder" time="0.599"/>
  <testcase classname="gmoApp.ApplicationFormofGMO" name="ProceedWithOrder" time="31.926"/>
</testsuite> <!-- gmoApp.ApplicationFormofGMO -->
