<?xml version="1.0" encoding="UTF-8"?>
<!-- Generated by org.testng.reporters.JUnitReportReporter -->
<testsuite hostname="DESKTOP-LT16E02" failures="0" tests="5" name="gmoApp.Validate" time="19.429" errors="0" timestamp="2023-09-19T08:15:53 IST" skipped="0">
  <testcase classname="gmoApp.Validate" name="LaunchQAApp" time="13.943"/>
  <testcase classname="gmoApp.Validate" name="validateNormalAlert" time="0.088"/>
  <testcase classname="gmoApp.Validate" name="validateNormalAlert1" time="5.207"/>
  <testcase classname="gmoApp.Validate" name="validateConfirmBox" time="0.097"/>
  <testcase classname="gmoApp.Validate" name="validatePromptBox" time="0.094"/>
</testsuite> <!-- gmoApp.Validate -->
