<?xml version="1.0" encoding="UTF-8"?>
<!-- Generated by org.testng.reporters.JUnitReportReporter -->
<testsuite hostname="DESKTOP-LT16E02" failures="0" tests="1" name="com.amazon.TC_006" time="8.969" errors="0" timestamp="2023-09-10T20:48:16 IST" skipped="0">
  <testcase classname="com.amazon.TC_006" name="m1" time="8.969"/>
</testsuite> <!-- com.amazon.TC_006 -->
