<?xml version="1.0" encoding="UTF-8"?>
<!-- Generated by org.testng.reporters.JUnitReportReporter -->
<testsuite hostname="DESKTOP-LT16E02" failures="0" tests="1" name="com.Tests.BaseTest" time="0.007" errors="0" timestamp="2023-09-10T11:05:52 IST" skipped="0">
  <testcase classname="com.Tests.BaseTest" name="browserLaunch" time="0.007"/>
</testsuite> <!-- com.Tests.BaseTest -->
