<?xml version="1.0" encoding="UTF-8"?>
<!-- Generated by org.testng.reporters.JUnitReportReporter -->
<testsuite hostname="DESKTOP-LT16E02" failures="0" tests="1" name="productsDetails.Tc_001" time="92.897" errors="0" timestamp="2023-09-16T19:30:31 IST" skipped="0">
  <testcase classname="productsDetails.Tc_001" name="JoggersOrder" time="92.897"/>
</testsuite> <!-- productsDetails.Tc_001 -->
